# JRE version: OpenJDK Runtime Environment Temurin-21.0.6+7 (21.0.6+7) (build 21.0.6+7-LTS)
# Java VM: OpenJDK 64-Bit Server VM Temurin-21.0.6+7 (21.0.6+7-LTS, mixed mode, sharing, tiered, compressed oops, compressed class ptrs, parallel gc, linux-amd64)
GC Precious Log:
 CardTable entry size: 512
 CPUs: 16 total, 16 available
 Memory: 31835M
 Large Page Support: Disabled
 NUMA Support: Disabled
 Compressed Oops: Enabled (32-bit)
 Alignments: Space 512K, Generation 512K, Heap 2M
 Heap Min Capacity: 100M
 Heap Initial Capacity: 100M
 Heap Max Capacity: 1G
 Pre-touch: Disabled
 Parallel Workers: 13
Heap:
 PSYoungGen      total 19456K, used 19089K [0x00000000eab00000, 0x00000000ec400000, 0x0000000100000000)
  eden space 15360K, 100% used [0x00000000eab00000,0x00000000eba00000,0x00000000eba00000)
  from space 4096K, 91% used [0x00000000ec000000,0x00000000ec3a4480,0x00000000ec400000)
  to   space 4096K, 93% used [0x00000000eba00000,0x00000000ebdc1b40,0x00000000ebe00000)
 ParOldGen       total 73728K, used 73682K [0x00000000c0000000, 0x00000000c4800000, 0x00000000eab00000)
  object space 73728K, 99% used [0x00000000c0000000,0x00000000c47f4b18,0x00000000c4800000)
 Metaspace       used 57705K, committed 58816K, reserved 1114112K
  class space    used 6039K, committed 6464K, reserved 1048576K
GC Heap History (20 events):
Event: 4.798 GC heap after
{Heap after GC invocations=29 (full 2):
 PSYoungGen      total 22016K, used 1293K [0x00000000eab00000, 0x00000000ec380000, 0x0000000100000000)
  eden space 20480K, 0% used [0x00000000eab00000,0x00000000eab00000,0x00000000ebf00000)
  from space 1536K, 84% used [0x00000000ec000000,0x00000000ec143510,0x00000000ec180000)
  to   space 1536K, 0% used [0x00000000ec200000,0x00000000ec200000,0x00000000ec380000)
 ParOldGen       total 68608K, used 42116K [0x00000000c0000000, 0x00000000c4300000, 0x00000000eab00000)
  object space 68608K, 61% used [0x00000000c0000000,0x00000000c2921138,0x00000000c4300000)
 Metaspace       used 54780K, committed 55808K, reserved 1114112K
  class space    used 5824K, committed 6272K, reserved 1048576K
}
Event: 4.848 GC heap before
{Heap before GC invocations=30 (full 2):
 PSYoungGen      total 22016K, used 21773K [0x00000000eab00000, 0x00000000ec380000, 0x0000000100000000)
  eden space 20480K, 100% used [0x00000000eab00000,0x00000000ebf00000,0x00000000ebf00000)
  from space 1536K, 84% used [0x00000000ec000000,0x00000000ec143510,0x00000000ec180000)
  to   space 1536K, 0% used [0x00000000ec200000,0x00000000ec200000,0x00000000ec380000)
 ParOldGen       total 68608K, used 42116K [0x00000000c0000000, 0x00000000c4300000, 0x00000000eab00000)
  object space 68608K, 61% used [0x00000000c0000000,0x00000000c2921138,0x00000000c4300000)
 Metaspace       used 55882K, committed 56960K, reserved 1114112K
  class space    used 5889K, committed 6336K, reserved 1048576K
}
Event: 4.851 GC heap after
{Heap after GC invocations=30 (full 2):
 PSYoungGen      total 22016K, used 1534K [0x00000000eab00000, 0x00000000ec380000, 0x0000000100000000)
  eden space 20480K, 0% used [0x00000000eab00000,0x00000000eab00000,0x00000000ebf00000)
  from space 1536K, 99% used [0x00000000ec200000,0x00000000ec37fbc8,0x00000000ec380000)
  to   space 2048K, 0% used [0x00000000ebf80000,0x00000000ebf80000,0x00000000ec180000)
 ParOldGen       total 68608K, used 43233K [0x00000000c0000000, 0x00000000c4300000, 0x00000000eab00000)
  object space 68608K, 63% used [0x00000000c0000000,0x00000000c2a38648,0x00000000c4300000)
 Metaspace       used 55882K, committed 56960K, reserved 1114112K
  class space    used 5889K, committed 6336K, reserved 1048576K
}
Event: 4.881 GC heap before
{Heap before GC invocations=31 (full 2):
 PSYoungGen      total 22016K, used 22014K [0x00000000eab00000, 0x00000000ec380000, 0x0000000100000000)
  eden space 20480K, 100% used [0x00000000eab00000,0x00000000ebf00000,0x00000000ebf00000)
  from space 1536K, 99% used [0x00000000ec200000,0x00000000ec37fbc8,0x00000000ec380000)
  to   space 2048K, 0% used [0x00000000ebf80000,0x00000000ebf80000,0x00000000ec180000)
 ParOldGen       total 68608K, used 43233K [0x00000000c0000000, 0x00000000c4300000, 0x00000000eab00000)
  object space 68608K, 63% used [0x00000000c0000000,0x00000000c2a38648,0x00000000c4300000)
 Metaspace       used 55895K, committed 56960K, reserved 1114112K
  class space    used 5889K, committed 6336K, reserved 1048576K
}
Event: 4.883 GC heap after
{Heap after GC invocations=31 (full 2):
 PSYoungGen      total 22016K, used 1274K [0x00000000eab00000, 0x00000000ec280000, 0x0000000100000000)
  eden space 20480K, 0% used [0x00000000eab00000,0x00000000eab00000,0x00000000ebf00000)
  from space 1536K, 82% used [0x00000000ebf80000,0x00000000ec0beb08,0x00000000ec100000)
  to   space 1536K, 0% used [0x00000000ec100000,0x00000000ec100000,0x00000000ec280000)
 ParOldGen       total 68608K, used 43970K [0x00000000c0000000, 0x00000000c4300000, 0x00000000eab00000)
  object space 68608K, 64% used [0x00000000c0000000,0x00000000c2af0aa0,0x00000000c4300000)
 Metaspace       used 55895K, committed 56960K, reserved 1114112K
  class space    used 5889K, committed 6336K, reserved 1048576K
}
Event: 5.306 GC heap before
{Heap before GC invocations=32 (full 2):
 PSYoungGen      total 22016K, used 21754K [0x00000000eab00000, 0x00000000ec280000, 0x0000000100000000)
  eden space 20480K, 100% used [0x00000000eab00000,0x00000000ebf00000,0x00000000ebf00000)
  from space 1536K, 82% used [0x00000000ebf80000,0x00000000ec0beb08,0x00000000ec100000)
  to   space 1536K, 0% used [0x00000000ec100000,0x00000000ec100000,0x00000000ec280000)
 ParOldGen       total 68608K, used 43970K [0x00000000c0000000, 0x00000000c4300000, 0x00000000eab00000)
  object space 68608K, 64% used [0x00000000c0000000,0x00000000c2af0aa0,0x00000000c4300000)
 Metaspace       used 57620K, committed 58688K, reserved 1114112K
  class space    used 6034K, committed 6464K, reserved 1048576K
}
Event: 5.310 GC heap after
{Heap after GC invocations=32 (full 2):
 PSYoungGen      total 20480K, used 1524K [0x00000000eab00000, 0x00000000ec600000, 0x0000000100000000)
  eden space 18944K, 0% used [0x00000000eab00000,0x00000000eab00000,0x00000000ebd80000)
  from space 1536K, 99% used [0x00000000ec100000,0x00000000ec27d0b8,0x00000000ec280000)
  to   space 3584K, 0% used [0x00000000ebd80000,0x00000000ebd80000,0x00000000ec100000)
 ParOldGen       total 68608K, used 45296K [0x00000000c0000000, 0x00000000c4300000, 0x00000000eab00000)
  object space 68608K, 66% used [0x00000000c0000000,0x00000000c2c3c1a0,0x00000000c4300000)
 Metaspace       used 57620K, committed 58688K, reserved 1114112K
  class space    used 6034K, committed 6464K, reserved 1048576K
}
Event: 5.358 GC heap before
{Heap before GC invocations=33 (full 2):
 PSYoungGen      total 20480K, used 20468K [0x00000000eab00000, 0x00000000ec600000, 0x0000000100000000)
  eden space 18944K, 99% used [0x00000000eab00000,0x00000000ebd7ffd8,0x00000000ebd80000)
  from space 1536K, 99% used [0x00000000ec100000,0x00000000ec27d0b8,0x00000000ec280000)
  to   space 3584K, 0% used [0x00000000ebd80000,0x00000000ebd80000,0x00000000ec100000)
 ParOldGen       total 68608K, used 45296K [0x00000000c0000000, 0x00000000c4300000, 0x00000000eab00000)
  object space 68608K, 66% used [0x00000000c0000000,0x00000000c2c3c1a0,0x00000000c4300000)
 Metaspace       used 57687K, committed 58752K, reserved 1114112K
  class space    used 6039K, committed 6464K, reserved 1048576K
}
Event: 5.361 GC heap after
{Heap after GC invocations=33 (full 2):
 PSYoungGen      total 22528K, used 3582K [0x00000000eab00000, 0x00000000ecb80000, 0x0000000100000000)
  eden space 18944K, 0% used [0x00000000eab00000,0x00000000eab00000,0x00000000ebd80000)
  from space 3584K, 99% used [0x00000000ebd80000,0x00000000ec0ff958,0x00000000ec100000)
  to   space 7168K, 0% used [0x00000000ec480000,0x00000000ec480000,0x00000000ecb80000)
 ParOldGen       total 68608K, used 47769K [0x00000000c0000000, 0x00000000c4300000, 0x00000000eab00000)
  object space 68608K, 69% used [0x00000000c0000000,0x00000000c2ea6760,0x00000000c4300000)
 Metaspace       used 57687K, committed 58752K, reserved 1114112K
  class space    used 6039K, committed 6464K, reserved 1048576K
}
Event: 5.416 GC heap before
{Heap before GC invocations=34 (full 2):
 PSYoungGen      total 22528K, used 22526K [0x00000000eab00000, 0x00000000ecb80000, 0x0000000100000000)
  eden space 18944K, 100% used [0x00000000eab00000,0x00000000ebd80000,0x00000000ebd80000)
  from space 3584K, 99% used [0x00000000ebd80000,0x00000000ec0ff958,0x00000000ec100000)
  to   space 7168K, 0% used [0x00000000ec480000,0x00000000ec480000,0x00000000ecb80000)
 ParOldGen       total 68608K, used 47769K [0x00000000c0000000, 0x00000000c4300000, 0x00000000eab00000)
  object space 68608K, 69% used [0x00000000c0000000,0x00000000c2ea6760,0x00000000c4300000)
 Metaspace       used 57694K, committed 58816K, reserved 1114112K
  class space    used 6039K, committed 6464K, reserved 1048576K
}
Event: 5.429 GC heap after
{Heap after GC invocations=34 (full 2):
 PSYoungGen      total 24064K, used 4705K [0x00000000eab00000, 0x00000000ec980000, 0x0000000100000000)
  eden space 18944K, 0% used [0x00000000eab00000,0x00000000eab00000,0x00000000ebd80000)
  from space 5120K, 91% used [0x00000000ec480000,0x00000000ec9187c0,0x00000000ec980000)
  to   space 5632K, 0% used [0x00000000ebe80000,0x00000000ebe80000,0x00000000ec400000)
 ParOldGen       total 68608K, used 51266K [0x00000000c0000000, 0x00000000c4300000, 0x00000000eab00000)
  object space 68608K, 74% used [0x00000000c0000000,0x00000000c32108e0,0x00000000c4300000)
 Metaspace       used 57694K, committed 58816K, reserved 1114112K
  class space    used 6039K, committed 6464K, reserved 1048576K
}
Event: 5.487 GC heap before
{Heap before GC invocations=35 (full 2):
 PSYoungGen      total 24064K, used 23649K [0x00000000eab00000, 0x00000000ec980000, 0x0000000100000000)
  eden space 18944K, 100% used [0x00000000eab00000,0x00000000ebd80000,0x00000000ebd80000)
  from space 5120K, 91% used [0x00000000ec480000,0x00000000ec9187c0,0x00000000ec980000)
  to   space 5632K, 0% used [0x00000000ebe80000,0x00000000ebe80000,0x00000000ec400000)
 ParOldGen       total 68608K, used 51266K [0x00000000c0000000, 0x00000000c4300000, 0x00000000eab00000)
  object space 68608K, 74% used [0x00000000c0000000,0x00000000c32108e0,0x00000000c4300000)
 Metaspace       used 57698K, committed 58816K, reserved 1114112K
  class space    used 6039K, committed 6464K, reserved 1048576K
}
Event: 5.494 GC heap after
{Heap after GC invocations=35 (full 2):
 PSYoungGen      total 24064K, used 4701K [0x00000000eab00000, 0x00000000ec780000, 0x0000000100000000)
  eden space 18944K, 0% used [0x00000000eab00000,0x00000000eab00000,0x00000000ebd80000)
  from space 5120K, 91% used [0x00000000ebe80000,0x00000000ec317740,0x00000000ec380000)
  to   space 4096K, 0% used [0x00000000ec380000,0x00000000ec380000,0x00000000ec780000)
 ParOldGen       total 68608K, used 55625K [0x00000000c0000000, 0x00000000c4300000, 0x00000000eab00000)
  object space 68608K, 81% used [0x00000000c0000000,0x00000000c3652618,0x00000000c4300000)
 Metaspace       used 57698K, committed 58816K, reserved 1114112K
  class space    used 6039K, committed 6464K, reserved 1048576K
}
Event: 5.529 GC heap before
{Heap before GC invocations=36 (full 2):
 PSYoungGen      total 24064K, used 23645K [0x00000000eab00000, 0x00000000ec780000, 0x0000000100000000)
  eden space 18944K, 100% used [0x00000000eab00000,0x00000000ebd80000,0x00000000ebd80000)
  from space 5120K, 91% used [0x00000000ebe80000,0x00000000ec317740,0x00000000ec380000)
  to   space 4096K, 0% used [0x00000000ec380000,0x00000000ec380000,0x00000000ec780000)
 ParOldGen       total 68608K, used 55625K [0x00000000c0000000, 0x00000000c4300000, 0x00000000eab00000)
  object space 68608K, 81% used [0x00000000c0000000,0x00000000c3652618,0x00000000c4300000)
 Metaspace       used 57698K, committed 58816K, reserved 1114112K
  class space    used 6039K, committed 6464K, reserved 1048576K
}
Event: 5.534 GC heap after
{Heap after GC invocations=36 (full 2):
 PSYoungGen      total 19456K, used 4089K [0x00000000eab00000, 0x00000000ed080000, 0x0000000100000000)
  eden space 15360K, 0% used [0x00000000eab00000,0x00000000eab00000,0x00000000eba00000)
  from space 4096K, 99% used [0x00000000ec380000,0x00000000ec77e5d0,0x00000000ec780000)
  to   space 9728K, 0% used [0x00000000eba00000,0x00000000eba00000,0x00000000ec380000)
 ParOldGen       total 68608K, used 60382K [0x00000000c0000000, 0x00000000c4300000, 0x00000000eab00000)
  object space 68608K, 88% used [0x00000000c0000000,0x00000000c3af7938,0x00000000c4300000)
 Metaspace       used 57698K, committed 58816K, reserved 1114112K
  class space    used 6039K, committed 6464K, reserved 1048576K
}
Event: 5.574 GC heap before
{Heap before GC invocations=37 (full 2):
 PSYoungGen      total 19456K, used 19449K [0x00000000eab00000, 0x00000000ed080000, 0x0000000100000000)
  eden space 15360K, 100% used [0x00000000eab00000,0x00000000eba00000,0x00000000eba00000)
  from space 4096K, 99% used [0x00000000ec380000,0x00000000ec77e5d0,0x00000000ec780000)
  to   space 9728K, 0% used [0x00000000eba00000,0x00000000eba00000,0x00000000ec380000)
 ParOldGen       total 68608K, used 60382K [0x00000000c0000000, 0x00000000c4300000, 0x00000000eab00000)
  object space 68608K, 88% used [0x00000000c0000000,0x00000000c3af7938,0x00000000c4300000)
 Metaspace       used 57698K, committed 58816K, reserved 1114112K
  class space    used 6039K, committed 6464K, reserved 1048576K
}
Event: 5.580 GC heap after
{Heap after GC invocations=37 (full 2):
 PSYoungGen      total 19456K, used 3886K [0x00000000eab00000, 0x00000000ec600000, 0x0000000100000000)
  eden space 15360K, 0% used [0x00000000eab00000,0x00000000eab00000,0x00000000eba00000)
  from space 4096K, 94% used [0x00000000eba00000,0x00000000ebdcba98,0x00000000ebe00000)
  to   space 6144K, 0% used [0x00000000ec000000,0x00000000ec000000,0x00000000ec600000)
 ParOldGen       total 68608K, used 64214K [0x00000000c0000000, 0x00000000c4300000, 0x00000000eab00000)
  object space 68608K, 93% used [0x00000000c0000000,0x00000000c3eb5ae0,0x00000000c4300000)
 Metaspace       used 57698K, committed 58816K, reserved 1114112K
  class space    used 6039K, committed 6464K, reserved 1048576K
}
Event: 5.611 GC heap before
{Heap before GC invocations=38 (full 2):
 PSYoungGen      total 19456K, used 19246K [0x00000000eab00000, 0x00000000ec600000, 0x0000000100000000)
  eden space 15360K, 100% used [0x00000000eab00000,0x00000000eba00000,0x00000000eba00000)
  from space 4096K, 94% used [0x00000000eba00000,0x00000000ebdcba98,0x00000000ebe00000)
  to   space 6144K, 0% used [0x00000000ec000000,0x00000000ec000000,0x00000000ec600000)
 ParOldGen       total 68608K, used 64214K [0x00000000c0000000, 0x00000000c4300000, 0x00000000eab00000)
  object space 68608K, 93% used [0x00000000c0000000,0x00000000c3eb5ae0,0x00000000c4300000)
 Metaspace       used 57704K, committed 58816K, reserved 1114112K
  class space    used 6039K, committed 6464K, reserved 1048576K
}
Event: 5.615 GC heap after
{Heap after GC invocations=38 (full 2):
 PSYoungGen      total 19456K, used 3729K [0x00000000eab00000, 0x00000000ec400000, 0x0000000100000000)
  eden space 15360K, 0% used [0x00000000eab00000,0x00000000eab00000,0x00000000eba00000)
  from space 4096K, 91% used [0x00000000ec000000,0x00000000ec3a4480,0x00000000ec400000)
  to   space 4096K, 0% used [0x00000000eba00000,0x00000000eba00000,0x00000000ebe00000)
 ParOldGen       total 68608K, used 67718K [0x00000000c0000000, 0x00000000c4300000, 0x00000000eab00000)
  object space 68608K, 98% used [0x00000000c0000000,0x00000000c4221940,0x00000000c4300000)
 Metaspace       used 57704K, committed 58816K, reserved 1114112K
  class space    used 6039K, committed 6464K, reserved 1048576K
}
Event: 5.649 GC heap before
{Heap before GC invocations=39 (full 2):
 PSYoungGen      total 19456K, used 19089K [0x00000000eab00000, 0x00000000ec400000, 0x0000000100000000)
  eden space 15360K, 100% used [0x00000000eab00000,0x00000000eba00000,0x00000000eba00000)
  from space 4096K, 91% used [0x00000000ec000000,0x00000000ec3a4480,0x00000000ec400000)
  to   space 4096K, 0% used [0x00000000eba00000,0x00000000eba00000,0x00000000ebe00000)
 ParOldGen       total 68608K, used 67718K [0x00000000c0000000, 0x00000000c4300000, 0x00000000eab00000)
  object space 68608K, 98% used [0x00000000c0000000,0x00000000c4221940,0x00000000c4300000)
 Metaspace       used 57705K, committed 58816K, reserved 1114112K
  class space    used 6039K, committed 6464K, reserved 1048576K
}

